#
# A fatal error has been detected by the Java Runtime Environment:
#
#  EXCEPTION_ACCESS_VIOLATION (0xc0000005) at pc=0x6d94a16b, pid=3824, tid=4056
#
# JRE version: 6.0_29-b11
# Java VM: Java HotSpot(TM) Client VM (20.4-b02 mixed mode windows-x86 )
# Problematic frame:
# V  [jvm.dll+0xaa16b]
#
# If you would like to submit a bug report, please visit:
#   http://java.sun.com/webapps/bugreport/crash.jsp
#

---------------  T H R E A D  ---------------

Current thread (0x02bd4800):  JavaThread "JDWP Transport Listener: dt_socket" daemon [_thread_in_vm, id=4056, stack(0x02e70000,0x02ec0000)]

siginfo: ExceptionCode=0xc0000005, reading address 0x3b312472

Registers:
EAX=0x3b312472, EBX=0x00000000, ECX=0x000071ee, EDX=0x00000000
ESP=0x02ebfa40, EBP=0x02ebfa44, ESI=0x02bd4800, EDI=0x00855008
EIP=0x6d94a16b, EFLAGS=0x00010206

Top of Stack: (sp=0x02ebfa40)
0x02ebfa40:   02bd4800 02ebfa6c 6da38232 3b312472
0x02ebfa50:   02ebfaf0 02ebfaa7 02bd4800 00000000
0x02ebfa60:   00000000 00000000 02bd4800 02ebfaa8
0x02ebfa70:   6d439770 00855008 3b312472 02ebfaa7
0x02ebfa80:   3b312472 6d4242c9 3b312472 02ebfaa7
0x02ebfa90:   00000008 00000000 00000000 0000000a
0x02ebfaa0:   00000000 00ebfac8 02ebfac8 6d424434
0x02ebfab0:   00000001 02ebfae4 02ebfc80 6d442b02 

Instructions: (pc=0x6d94a16b)
0x6d94a14b:   4e 10 89 4f 0c 5f 5e 5d c2 0c 00 cc cc cc cc cc
0x6d94a15b:   cc cc cc cc cc 55 8b ec 8b 45 08 85 c0 56 74 25
0x6d94a16b:   8b 30 85 f6 74 1f 81 fe fe fe fe fe 74 17 8b 46
0x6d94a17b:   04 8d 48 08 8b 01 ff 90 90 00 00 00 84 c0 74 05 


Register to memory mapping:

EAX=0x3b312472 is an unknown value
EBX=0x00000000 is an unknown value
ECX=0x000071ee is an unknown value
EDX=0x00000000 is an unknown value
ESP=0x02ebfa40 is pointing into the stack for thread: 0x02bd4800
EBP=0x02ebfa44 is pointing into the stack for thread: 0x02bd4800
ESI=0x02bd4800 is a thread
EDI=0x00855008 is an unknown value


Stack: [0x02e70000,0x02ec0000],  sp=0x02ebfa40,  free space=318k
Native frames: (J=compiled Java code, j=interpreted, Vv=VM code, C=native code)
V  [jvm.dll+0xaa16b]
V  [jvm.dll+0x198232]
C  [jdwp.dll+0x19770]
C  [jdwp.dll+0x4434]
C  [jdwp.dll+0x4472]
C  [jdwp.dll+0x17d55]
V  [jvm.dll+0x140fec]
C  [msvcr71.dll+0x9565]  endthreadex+0xa0
C  [kernel32.dll+0xb729]  GetModuleFileNameA+0x1ba


---------------  P R O C E S S  ---------------

Java Threads: ( => current thread )
  0x031cf400 JavaThread "TimerQueue" daemon [_thread_blocked, id=4712, stack(0x04790000,0x047e0000)]
  0x03109800 JavaThread "Swing-Shell" daemon [_thread_blocked, id=2768, stack(0x03570000,0x035c0000)]
  0x03078400 JavaThread "AWT-Windows" daemon [_thread_in_native, id=5104, stack(0x03320000,0x03370000)]
  0x03073c00 JavaThread "Java2D Disposer" daemon [_thread_blocked, id=5060, stack(0x03280000,0x032d0000)]
  0x02be5400 JavaThread "Low Memory Detector" daemon [_thread_blocked, id=1552, stack(0x02fb0000,0x03000000)]
  0x02be2400 JavaThread "C1 CompilerThread0" daemon [_thread_blocked, id=2892, stack(0x02f60000,0x02fb0000)]
  0x02bd8800 JavaThread "JDWP Command Reader" daemon [_thread_in_native, id=4896, stack(0x02f10000,0x02f60000)]
  0x02bd7000 JavaThread "JDWP Event Helper Thread" daemon [_thread_blocked, id=3736, stack(0x02ec0000,0x02f10000)]
=>0x02bd4800 JavaThread "JDWP Transport Listener: dt_socket" daemon [_thread_in_vm, id=4056, stack(0x02e70000,0x02ec0000)]
  0x02bb9c00 JavaThread "Attach Listener" daemon [_thread_blocked, id=5664, stack(0x02d70000,0x02dc0000)]
  0x02bb8800 JavaThread "Signal Dispatcher" daemon [_thread_blocked, id=4496, stack(0x02d20000,0x02d70000)]
  0x02baa000 JavaThread "Finalizer" daemon [_thread_blocked, id=4428, stack(0x02cd0000,0x02d20000)]
  0x02ba5400 JavaThread "Reference Handler" daemon [_thread_blocked, id=3932, stack(0x02c80000,0x02cd0000)]
  0x00857000 JavaThread "main" [_thread_blocked, id=2896, stack(0x008f0000,0x00940000)]

Other Threads:
  0x02ba1800 VMThread [stack: 0x02c30000,0x02c80000] [id=1520]
  0x02be7400 WatcherThread [stack: 0x03000000,0x03050000] [id=6012]

VM state:not at safepoint (normal execution)

VM Mutex/Monitor currently owned by a thread: None

Heap
 def new generation   total 4928K, used 3218K [0x10020000, 0x10570000, 0x15570000)
  eden space 4416K,  61% used [0x10020000, 0x102c4bf0, 0x10470000)
  from space 512K, 100% used [0x104f0000, 0x10570000, 0x10570000)
  to   space 512K,   0% used [0x10470000, 0x10470000, 0x104f0000)
 tenured generation   total 10944K, used 938K [0x15570000, 0x16020000, 0x20020000)
   the space 10944K,   8% used [0x15570000, 0x1565aac8, 0x1565ac00, 0x16020000)
 compacting perm gen  total 12288K, used 9137K [0x20020000, 0x20c20000, 0x24020000)
   the space 12288K,  74% used [0x20020000, 0x2090c778, 0x2090c800, 0x20c20000)
No shared spaces configured.

Code Cache  [0x00970000, 0x00a28000, 0x02970000)
 total_blobs=352 nmethods=159 adapters=137 free_code_cache=32820800 largest_free_block=0

Dynamic libraries:
0x00400000 - 0x00424000 	C:\Java\bin\javaw.exe
0x7c940000 - 0x7c9df000 	C:\WINDOWS\system32\ntdll.dll
0x7c800000 - 0x7c933000 	C:\WINDOWS\system32\kernel32.dll
0x77d80000 - 0x77e29000 	C:\WINDOWS\system32\ADVAPI32.dll
0x77e30000 - 0x77ec3000 	C:\WINDOWS\system32\RPCRT4.dll
0x77fa0000 - 0x77fb1000 	C:\WINDOWS\system32\Secur32.dll
0x77cf0000 - 0x77d80000 	C:\WINDOWS\system32\USER32.dll
0x77ed0000 - 0x77f19000 	C:\WINDOWS\system32\GDI32.dll
0x762e0000 - 0x762fd000 	C:\WINDOWS\system32\IMM32.DLL
0x60740000 - 0x60749000 	C:\WINDOWS\system32\LPK.DLL
0x73f80000 - 0x73feb000 	C:\WINDOWS\system32\USP10.dll
0x10000000 - 0x10017000 	C:\WINDOWS\system32\APSHook.dll
0x7c340000 - 0x7c396000 	C:\Java\jre\bin\msvcr71.dll
0x6d8a0000 - 0x6db4f000 	C:\Java\jre\bin\client\jvm.dll
0x76af0000 - 0x76b1b000 	C:\WINDOWS\system32\WINMM.dll
0x6d850000 - 0x6d85c000 	C:\Java\jre\bin\verify.dll
0x6d3d0000 - 0x6d3ef000 	C:\Java\jre\bin\java.dll
0x6d420000 - 0x6d449000 	C:\Java\jre\bin\jdwp.dll
0x6d740000 - 0x6d746000 	C:\Java\jre\bin\npt.dll
0x6d890000 - 0x6d89f000 	C:\Java\jre\bin\zip.dll
0x6d2b0000 - 0x6d2b7000 	C:\Java\jre\bin\dt_socket.dll
0x719e0000 - 0x719f7000 	C:\WINDOWS\system32\WS2_32.dll
0x77bc0000 - 0x77c18000 	C:\WINDOWS\system32\msvcrt.dll
0x719d0000 - 0x719d8000 	C:\WINDOWS\system32\WS2HELP.dll
0x71980000 - 0x719bf000 	C:\WINDOWS\System32\mswsock.dll
0x76ed0000 - 0x76ef7000 	C:\WINDOWS\system32\DNSAPI.dll
0x76d10000 - 0x76d29000 	C:\WINDOWS\system32\iphlpapi.dll
0x76f60000 - 0x76f68000 	C:\WINDOWS\System32\winrnr.dll
0x76f10000 - 0x76f3c000 	C:\WINDOWS\system32\WLDAP32.dll
0x76f70000 - 0x76f76000 	C:\WINDOWS\system32\rasadhlp.dll
0x607c0000 - 0x60816000 	C:\WINDOWS\system32\hnetcfg.dll
0x719c0000 - 0x719c8000 	C:\WINDOWS\System32\wshtcpip.dll
0x6d0b0000 - 0x6d1fc000 	C:\Java\jre\bin\awt.dll
0x72f50000 - 0x72f76000 	C:\WINDOWS\system32\WINSPOOL.DRV
0x76970000 - 0x76aae000 	C:\WINDOWS\system32\ole32.dll
0x77160000 - 0x77263000 	C:\WINDOWS\WinSxS\x86_Microsoft.Windows.Common-Controls_6595b64144ccf1df_6.0.2600.6028_x-ww_61e65202\COMCTL32.dll
0x77f20000 - 0x77f96000 	C:\WINDOWS\system32\SHLWAPI.dll
0x74660000 - 0x746ac000 	C:\WINDOWS\system32\MSCTF.dll
0x033b0000 - 0x03403000 	C:\Documents and Settings\All Users\Application Data\Anti-phishing Domain Advisor\visicom_antiphishing.dll
0x77bb0000 - 0x77bb8000 	C:\WINDOWS\system32\VERSION.dll
0x7d5b0000 - 0x7ddb0000 	C:\WINDOWS\system32\SHELL32.dll
0x770d0000 - 0x7715b000 	C:\WINDOWS\system32\OLEAUT32.dll
0x73620000 - 0x7364e000 	C:\WINDOWS\system32\msctfime.ime
0x446f0000 - 0x44804000 	C:\WINDOWS\system32\imjp14.ime
0x78520000 - 0x785c3000 	C:\WINDOWS\WinSxS\x86_Microsoft.VC90.CRT_1fc8b3b9a1e18e3b_9.0.30729.6161_x-ww_31a54e43\MSVCR90.dll
0x78480000 - 0x7850e000 	C:\WINDOWS\WinSxS\x86_Microsoft.VC90.CRT_1fc8b3b9a1e18e3b_9.0.30729.6161_x-ww_31a54e43\MSVCP90.dll
0x44810000 - 0x44933000 	C:\WINDOWS\system32\imjp14k.dll
0x6d2e0000 - 0x6d32f000 	C:\Java\jre\bin\fontmanager.dll
0x6d6b0000 - 0x6d6c3000 	C:\Java\jre\bin\net.dll
0x6d6d0000 - 0x6d6d9000 	C:\Java\jre\bin\nio.dll
0x76040000 - 0x76199000 	C:\WINDOWS\system32\SETUPAPI.dll
0x035c0000 - 0x03b20000 	C:\WINDOWS\system32\xpsp2res.dll
0x76d90000 - 0x76db2000 	C:\WINDOWS\system32\appHelp.dll
0x76f80000 - 0x76fff000 	C:\WINDOWS\system32\CLBCATQ.DLL
0x77000000 - 0x770ab000 	C:\WINDOWS\system32\COMRes.dll
0x62280000 - 0x622cb000 	C:\Program Files\Git\git-cheetah\git_shell_ext.dll
0x03b70000 - 0x03bd3000 	C:\Program Files\Common Files\Adobe\Acrobat\ActiveX\PDFShell.dll
0x03c30000 - 0x03c7b000 	C:\Program Files\Common Files\Adobe\Acrobat\ActiveX\PDFShell.JPN
0x59250000 - 0x592a5000 	C:\WINDOWS\system32\netapi32.dll
0x71a50000 - 0x71a62000 	C:\WINDOWS\system32\MPR.dll
0x75eb0000 - 0x75eb7000 	C:\WINDOWS\System32\drprov.dll
0x71b60000 - 0x71b6e000 	C:\WINDOWS\System32\ntlanman.dll
0x71c20000 - 0x71c35000 	C:\WINDOWS\System32\NETUI0.dll
0x71be0000 - 0x71c20000 	C:\WINDOWS\System32\NETUI1.dll
0x71bd0000 - 0x71bd7000 	C:\WINDOWS\System32\NETRAP.dll
0x71b40000 - 0x71b53000 	C:\WINDOWS\System32\SAMLIB.dll
0x75ec0000 - 0x75eca000 	C:\WINDOWS\System32\davclnt.dll
0x03c80000 - 0x03efe000 	C:\WINDOWS\system32\wpdshext.dll
0x4af10000 - 0x4b0bb000 	C:\WINDOWS\WinSxS\x86_Microsoft.Windows.GdiPlus_6595b64144ccf1df_1.0.6002.22791_x-ww_c8dff154\gdiplus.dll
0x58730000 - 0x58768000 	C:\WINDOWS\system32\UxTheme.dll
0x04050000 - 0x04091000 	C:\WINDOWS\system32\PortableDeviceApi.dll
0x76be0000 - 0x76c0e000 	C:\WINDOWS\system32\WINTRUST.dll
0x765c0000 - 0x76654000 	C:\WINDOWS\system32\CRYPT32.dll
0x77c40000 - 0x77c52000 	C:\WINDOWS\system32\MSASN1.dll
0x76c40000 - 0x76c68000 	C:\WINDOWS\system32\IMAGEHLP.dll
0x73cc0000 - 0x73cd3000 	C:\WINDOWS\system32\shgina.dll
0x758b0000 - 0x759a4000 	C:\WINDOWS\system32\MSGINA.dll
0x73520000 - 0x7355d000 	C:\WINDOWS\system32\ODBC32.dll
0x76300000 - 0x76348000 	C:\WINDOWS\system32\comdlg32.dll
0x7e8c0000 - 0x7e971000 	C:\WINDOWS\system32\USERENV.dll
0x762b0000 - 0x762c0000 	C:\WINDOWS\system32\WINSTA.dll
0x03bf0000 - 0x03c07000 	C:\WINDOWS\system32\odbcint.dll
0x07160000 - 0x071a6000 	C:\WINDOWS\system32\Audiodev.dll
0x042e0000 - 0x0453d000 	C:\WINDOWS\system32\WMVCore.DLL
0x04540000 - 0x04579000 	C:\WINDOWS\system32\WMASF.DLL
0x76930000 - 0x76938000 	C:\WINDOWS\system32\LINKINFO.dll
0x76940000 - 0x76964000 	C:\WINDOWS\system32\ntshrui.dll
0x76ad0000 - 0x76ae1000 	C:\WINDOWS\system32\ATL.DLL
0x44960000 - 0x44a5d000 	C:\PROGRA~1\COMMON~1\MICROS~1\IME14\IMEJP\IMJPAPI.DLL
0x44520000 - 0x4454a000 	C:\Program Files\Common Files\Microsoft Shared\IME14\SHARED\IMJKAPI.DLL
0x04820000 - 0x04870000 	C:\Program Files\Common Files\Microsoft Shared\IME14\IMEJP\IMJPPRED.DLL
0x76ba0000 - 0x76bab000 	C:\WINDOWS\system32\PSAPI.DLL

VM Arguments:
jvm_args: -agentlib:jdwp=transport=dt_socket,suspend=y,address=localhost:4559 -Dfile.encoding=UTF-8 
java_command: app.JParserApp
Launcher Type: SUN_STANDARD

Environment Variables:
CLASSPATH=.
PATH=C:\Java\jre\bin;c:/java/bin/../jre/bin/client;c:/java/bin/../jre/bin;C:\GTK\bin;c:\bin\scala;c:\bin\juman;c:\bin\tool;c:\java\bin;c:\php_5_2_17\;C:\WINDOWS\system32;C:\WINDOWS;C:\WINDOWS\system32\wbem;c:\program files\intel\dmix;c:\program files\actividentity\activclient\;c:\program files\hewlett-packard\iam\bin;c:\program files\altiris\software virtualization agent\;c:\bin\doxygen\bin;c:\program files\microsoft sql server\90\tools\binn\;c:\bin\scala\\bin;c:\program files\ibm\gsk8\lib
USERNAME=yuki
OS=Windows_NT
PROCESSOR_IDENTIFIER=x86 Family 6 Model 23 Stepping 6, GenuineIntel



---------------  S Y S T E M  ---------------

OS: Windows XP Build 2600 Service Pack 3

CPU:total 2 (2 cores per cpu, 1 threads per core) family 6 model 23 stepping 6, cmov, cx8, fxsr, mmx, sse, sse2, sse3, ssse3, sse4.1

Memory: 4k page, physical 3628280k(2147880k free), swap 4945708k(3405304k free)

vm_info: Java HotSpot(TM) Client VM (20.4-b02) for windows-x86 JRE (1.6.0_29-b11), built on Oct  3 2011 01:01:08 by "java_re" with MS VC++ 7.1 (VS2003)

time: Sat Dec 08 22:48:01 2012
elapsed time: 1001 seconds

