pkgname = app
import = java.io.IOException
import = java.text.DateFormat
import = java.text.ParseException
import = java.text.SimpleDateFormat
import = java.util.ArrayList
import = java.util.Iterator
import = java.util.LinkedList
import = javax.xml.parsers.ParserConfigurationException
import = org.w3c.dom.Element
import = org.w3c.dom.Node
import = org.w3c.dom.NodeList
import = org.xml.sax.SAXException
import = common.util.FileUtil
import = common.util.Range
import = common.util.XmlUtil

pkgname = app
import = java.io.BufferedReader
import = java.io.FileInputStream
import = java.io.IOException
import = java.io.InputStreamReader
import = java.util.ArrayList
import = java.util.List
import = java.util.StringTokenizer
import = base.TestUtilBase

pkgname = app
import = java.io.BufferedReader
import = java.io.FileInputStream
import = java.io.IOException
import = java.io.InputStreamReader
import = java.util.ArrayList
import = java.util.List
import = java.util.StringTokenizer
import = base.TestUtilBase

pkgname = app
import = java.io.BufferedReader
import = java.io.FileInputStream
import = java.io.IOException
import = java.io.InputStreamReader
import = java.util.ArrayList
import = java.util.List
import = java.util.StringTokenizer
import = base.TestUtilBase

pkgname = app
import = java.io.BufferedReader
import = java.io.FileInputStream
import = java.io.IOException
import = java.io.InputStreamReader
import = java.util.ArrayList
import = java.util.List
import = java.util.StringTokenizer
import = base.TestUtilBase

methodName = readCsv
returnType = void
throws 

pkgname = app
import = java.io.BufferedReader
import = java.io.FileInputStream
import = java.io.IOException
import = java.io.InputStreamReader
import = java.util.ArrayList
import = java.util.List
import = java.util.StringTokenizer
import = base.TestUtilBase

pkgname = app
import = java.io.BufferedReader
import = java.io.FileInputStream
import = java.io.IOException
import = java.io.InputStreamReader
import = java.util.ArrayList
import = java.util.List
import = java.util.StringTokenizer
import = base.TestUtilBase

methodName = readCsv
public
static
returnType = void

pkgname = app
import = java.io.BufferedReader
import = java.io.FileInputStream
import = java.io.IOException
import = java.io.InputStreamReader
import = java.util.ArrayList
import = java.util.List
import = java.util.StringTokenizer
import = base.TestUtilBase

methodName = readCsv
modifier = public static 
returnType = void
void readCsv
void readCsv

pkgname = app
import = java.io.BufferedReader
import = java.io.FileInputStream
import = java.io.IOException
import = java.io.InputStreamReader
import = java.util.ArrayList
import = java.util.List
import = java.util.StringTokenizer
import = base.TestUtilBase

pkgname = app
import = java.io.BufferedReader
import = java.io.FileInputStream
import = java.io.IOException
import = java.io.InputStreamReader
import = java.util.ArrayList
import = java.util.List
import = java.util.StringTokenizer
import = base.TestUtilBase

pkgname = app
import = java.io.BufferedReader
import = java.io.FileInputStream
import = java.io.IOException
import = java.io.InputStreamReader
import = java.util.ArrayList
import = java.util.List
import = java.util.StringTokenizer
import = base.TestUtilBase

pkgname = app
import = java.io.BufferedReader
import = java.io.FileInputStream
import = java.io.IOException
import = java.io.InputStreamReader
import = java.util.ArrayList
import = java.util.List
import = java.util.StringTokenizer
import = base.TestUtilBase

pkgname = app
import = java.io.BufferedReader
import = java.io.FileInputStream
import = java.io.IOException
import = java.io.InputStreamReader
import = java.util.ArrayList
import = java.util.List
import = java.util.StringTokenizer
import = base.TestUtilBase

pkgname = app
import = java.io.BufferedReader
import = java.io.FileInputStream
import = java.io.IOException
import = java.io.InputStreamReader
import = java.util.ArrayList
import = java.util.List
import = java.util.StringTokenizer
import = base.TestUtilBase

pkgname = app
import = java.io.BufferedReader
import = java.io.FileInputStream
import = java.io.IOException
import = java.io.InputStreamReader
import = java.util.ArrayList
import = java.util.List
import = java.util.StringTokenizer
import = base.TestUtilBase

pkgname = app
import = java.io.BufferedReader
import = java.io.FileInputStream
import = java.io.IOException
import = java.io.InputStreamReader
import = java.util.ArrayList
import = java.util.List
import = java.util.StringTokenizer
import = base.TestUtilBase

pkgname = app
import = java.io.BufferedReader
import = java.io.FileInputStream
import = java.io.IOException
import = java.io.InputStreamReader
import = java.util.ArrayList
import = java.util.List
import = java.util.StringTokenizer
import = base.TestUtilBase

pkgname = app
import = java.io.BufferedReader
import = java.io.FileInputStream
import = java.io.IOException
import = java.io.InputStreamReader
import = java.util.ArrayList
import = java.util.List
import = java.util.StringTokenizer
import = base.TestUtilBase

methodName = readCsv
modifier = public static 
returnType = void
String fpath
String encode
List rsltList

pkgname = app
import = java.io.BufferedReader
import = java.io.FileInputStream
import = java.io.IOException
import = java.io.InputStreamReader
import = java.util.ArrayList
import = java.util.List
import = java.util.StringTokenizer
import = base.TestUtilBase

methodName = readCsv
modifier = public static 
returnType = void
String fpath, String encode, List rsltList, 
pkgname = app
import = java.io.BufferedReader
import = java.io.FileInputStream
import = java.io.IOException
import = java.io.InputStreamReader
import = java.util.ArrayList
import = java.util.List
import = java.util.StringTokenizer
import = base.TestUtilBase

methodName = readCsv
modifier = public static 
returnType = void
String fpath, String encode, List rsltList, 
pkgname = app
import = java.io.BufferedReader
import = java.io.FileInputStream
import = java.io.IOException
import = java.io.InputStreamReader
import = java.util.ArrayList
import = java.util.List
import = java.util.StringTokenizer
import = base.TestUtilBase

methodName = readCsv
modifier = public static 
returnType = void
String fpath, String encode, List rsltList, throws 
IOException

pkgname = app
import = java.io.BufferedReader
import = java.io.FileInputStream
import = java.io.IOException
import = java.io.InputStreamReader
import = java.util.ArrayList
import = java.util.List
import = java.util.StringTokenizer
import = base.TestUtilBase

methodName = readCsv
modifier = public static 
returnType = void
String fpath, String encode, List <Object>rsltList, 
throws 
IOException

pkgname = app
import = java.io.BufferedReader
import = java.io.FileInputStream
import = java.io.IOException
import = java.io.InputStreamReader
import = java.util.ArrayList
import = java.util.List
import = java.util.StringTokenizer
import = base.TestUtilBase

methodName = readCsv
modifier = public static 
returnType = void
String fpath, String encode, List <Object>rsltList, 
throws 
IOException

pkgname = app
import = java.io.BufferedReader
import = java.io.FileInputStream
import = java.io.IOException
import = java.io.InputStreamReader
import = java.util.ArrayList
import = java.util.List
import = java.util.StringTokenizer
import = base.TestUtilBase

methodName = readCsv
modifier = public static 
returnType = void
String fpath, String encode, List <Object>rsltList, 
throws 
IOException

methodName = null

methodName = null

methodName = null

methodName = null

methodName = null

pkgname = app
import = java.io.BufferedReader
import = java.io.FileInputStream
import = java.io.IOException
import = java.io.InputStreamReader
import = java.util.ArrayList
import = java.util.List
import = java.util.StringTokenizer
import = base.TestUtilBase

methodName = readCsv
modifier = public static 
returnType = void
String fpath, String encode, List <Object>rsltList, 
throws 
IOException






pkgname = app
import = java.io.BufferedReader
import = java.io.FileInputStream
import = java.io.IOException
import = java.io.InputStreamReader
import = java.util.ArrayList
import = java.util.List
import = java.util.StringTokenizer
import = base.TestUtilBase

methodName = readCsv
modifier = public static 
returnType = void
String fpath, String encode, List <Object>rsltList, 
throws 
IOException

pkgname = app
import = java.io.BufferedReader
import = java.io.FileInputStream
import = java.io.IOException
import = java.io.InputStreamReader
import = java.util.ArrayList
import = java.util.List
import = java.util.StringTokenizer
import = base.TestUtilBase

methodName = readCsv
modifier = public static 
returnType = void
String fpath, String encode, List <Object>rsltList, 
throws  IOException

pkgname = app
import = java.io.BufferedReader
import = java.io.FileInputStream
import = java.io.IOException
import = java.io.InputStreamReader
import = java.util.ArrayList
import = java.util.List
import = java.util.StringTokenizer
import = base.TestUtilBase

methodName = readCsv
modifier = public static 
returnType = void
String fpath, String encode, List <Object>rsltList, 
throws  IOException

pkgname = app
import = java.io.BufferedReader
import = java.io.FileInputStream
import = java.io.IOException
import = java.io.InputStreamReader
import = java.util.ArrayList
import = java.util.List
import = java.util.StringTokenizer
import = base.TestUtilBase

methodName = readCsv
modifier = public static 
returnType = void
String fpath, String encode, List <Object>rsltList, 
throws  IOException

pkgname = app
import = java.io.BufferedReader
import = java.io.FileInputStream
import = java.io.IOException
import = java.io.InputStreamReader
import = java.util.ArrayList
import = java.util.List
import = java.util.StringTokenizer
import = base.TestUtilBase

methodName = readCsv
modifier = public static 
returnType = void
String fpath, String encode, List <Object>rsltList, 
throws  IOException

pkgname = app
import = java.io.BufferedReader
import = java.io.FileInputStream
import = java.io.IOException
import = java.io.InputStreamReader
import = java.util.ArrayList
import = java.util.List
import = java.util.StringTokenizer
import = base.TestUtilBase

methodName = readCsv
modifier = public static 
returnType = void
String fpath, String encode, List <Object>rsltList, 
throws  IOException


pkgname = app
import = java.io.BufferedReader
import = java.io.FileInputStream
import = java.io.IOException
import = java.io.InputStreamReader
import = java.util.ArrayList
import = java.util.List
import = java.util.StringTokenizer
import = base.TestUtilBase

pkgname = app
import = java.io.BufferedReader
import = java.io.FileInputStream
import = java.io.IOException
import = java.io.InputStreamReader
import = java.util.ArrayList
import = java.util.List
import = java.util.StringTokenizer
import = base.TestUtilBase

pkgname = app
import = java.io.BufferedReader
import = java.io.FileInputStream
import = java.io.IOException
import = java.io.InputStreamReader
import = java.util.ArrayList
import = java.util.List
import = java.util.StringTokenizer
import = base.TestUtilBase

pkgname = app
import = java.io.BufferedReader
import = java.io.FileInputStream
import = java.io.IOException
import = java.io.InputStreamReader
import = java.util.ArrayList
import = java.util.List
import = java.util.StringTokenizer
import = base.TestUtilBase

pkgname = app
import = java.io.BufferedReader
import = java.io.FileInputStream
import = java.io.IOException
import = java.io.InputStreamReader
import = java.util.ArrayList
import = java.util.List
import = java.util.StringTokenizer
import = base.TestUtilBase

pkgname = app
import = java.io.BufferedReader
import = java.io.FileInputStream
import = java.io.IOException
import = java.io.InputStreamReader
import = java.util.ArrayList
import = java.util.List
import = java.util.StringTokenizer
import = base.TestUtilBase

pkgname = app
import = java.io.BufferedReader
import = java.io.FileInputStream
import = java.io.IOException
import = java.io.InputStreamReader
import = java.util.ArrayList
import = java.util.List
import = java.util.StringTokenizer
import = base.TestUtilBase

pkgname = app
import = java.io.BufferedReader
import = java.io.FileInputStream
import = java.io.IOException
import = java.io.InputStreamReader
import = java.util.ArrayList
import = java.util.List
import = java.util.StringTokenizer
import = base.TestUtilBase

pkgname = app
import = java.io.BufferedReader
import = java.io.FileInputStream
import = java.io.IOException
import = java.io.InputStreamReader
import = java.util.ArrayList
import = java.util.List
import = java.util.StringTokenizer
import = base.TestUtilBase

pkgname = app
import = java.io.BufferedReader
import = java.io.FileInputStream
import = java.io.IOException
import = java.io.InputStreamReader
import = java.util.ArrayList
import = java.util.List
import = java.util.StringTokenizer
import = base.TestUtilBase

pkgname = app
import = java.io.BufferedReader
import = java.io.FileInputStream
import = java.io.IOException
import = java.io.InputStreamReader
import = java.util.ArrayList
import = java.util.List
import = java.util.StringTokenizer
import = base.TestUtilBase

pkgname = app
import = java.io.BufferedReader
import = java.io.FileInputStream
import = java.io.IOException
import = java.io.InputStreamReader
import = java.util.ArrayList
import = java.util.List
import = java.util.StringTokenizer
import = base.TestUtilBase

pkgname = app
import = java.io.BufferedReader
import = java.io.FileInputStream
import = java.io.IOException
import = java.io.InputStreamReader
import = java.util.ArrayList
import = java.util.List
import = java.util.StringTokenizer
import = base.TestUtilBase

pkgname = app
import = java.io.BufferedReader
import = java.io.FileInputStream
import = java.io.IOException
import = java.io.InputStreamReader
import = java.util.ArrayList
import = java.util.List
import = java.util.StringTokenizer
import = base.TestUtilBase

pkgname = app
import = java.io.BufferedReader
import = java.io.FileInputStream
import = java.io.IOException
import = java.io.InputStreamReader
import = java.util.ArrayList
import = java.util.List
import = java.util.StringTokenizer
import = base.TestUtilBase

pkgname = app
import = java.io.BufferedReader
import = java.io.FileInputStream
import = java.io.IOException
import = java.io.InputStreamReader
import = java.util.ArrayList
import = java.util.List
import = java.util.StringTokenizer
import = base.TestUtilBase

pkgname = app
import = java.io.BufferedReader
import = java.io.FileInputStream
import = java.io.IOException
import = java.io.InputStreamReader
import = java.util.ArrayList
import = java.util.List
import = java.util.StringTokenizer
import = base.TestUtilBase

pkgname = app
import = java.io.BufferedReader
import = java.io.FileInputStream
import = java.io.IOException
import = java.io.InputStreamReader
import = java.util.ArrayList
import = java.util.List
import = java.util.StringTokenizer
import = base.TestUtilBase

pkgname = app
import = java.io.BufferedReader
import = java.io.FileInputStream
import = java.io.IOException
import = java.io.InputStreamReader
import = java.util.ArrayList
import = java.util.List
import = java.util.StringTokenizer
import = base.TestUtilBase

pkgname = app
import = java.io.BufferedReader
import = java.io.FileInputStream
import = java.io.IOException
import = java.io.InputStreamReader
import = java.util.ArrayList
import = java.util.List
import = java.util.StringTokenizer
import = base.TestUtilBase

pkgname = app
import = java.io.BufferedReader
import = java.io.FileInputStream
import = java.io.IOException
import = java.io.InputStreamReader
import = java.util.ArrayList
import = java.util.List
import = java.util.StringTokenizer
import = base.TestUtilBase

modifier = public
className = TestUtil
baseClass = base.TestUtilBase
private int sts


modifier = public
className = TestUtil
baseClass = base.TestUtilBase
private int sts

static private String sample


modifier = public
className = TestUtil
baseClass = base.TestUtilBase
private int sts

static private String sample

static private String sample2


modifier = public
className = TestUtil
baseClass = base.TestUtilBase
private int sts

static private String sample

static private String sample2


methodName = readCsv
modifier = static final public static 
returnType = void
String fpath, String encode, List <Object>rsltList, 
String fpath, String encode, List <Object>rsltList, FileInputStream fpath, 
pkgname = app
import = java.io.BufferedReader
import = java.io.FileInputStream
import = java.io.IOException
import = java.io.InputStreamReader
import = java.util.ArrayList
import = java.util.List
import = java.util.StringTokenizer
import = base.TestUtilBase

modifier = public
className = TestUtil
baseClass = base.TestUtilBase
private int sts


modifier = public
className = TestUtil
baseClass = base.TestUtilBase
private int sts

static private String sample


modifier = public
className = TestUtil
baseClass = base.TestUtilBase
private int sts

static private String sample

static private String sample2


pkgname = app
import = java.io.BufferedReader
import = java.io.FileInputStream
import = java.io.IOException
import = java.io.InputStreamReader
import = java.util.ArrayList
import = java.util.List
import = java.util.StringTokenizer
import = base.TestUtilBase

modifier = public
className = TestUtil
baseClass = base.TestUtilBase
private int sts


modifier = public
className = TestUtil
baseClass = base.TestUtilBase
private int sts

static private String sample


modifier = public
className = TestUtil
baseClass = base.TestUtilBase
private int sts

static private String sample

static private String sample2


pkgname = app
import = java.io.BufferedReader
import = java.io.FileInputStream
import = java.io.IOException
import = java.io.InputStreamReader
import = java.util.ArrayList
import = java.util.List
import = java.util.StringTokenizer
import = base.TestUtilBase

modifier = public
className = TestUtil
baseClass = base.TestUtilBase
private int sts


pkgname = app
import = java.io.BufferedReader
import = java.io.FileInputStream
import = java.io.IOException
import = java.io.InputStreamReader
import = java.util.ArrayList
import = java.util.List
import = java.util.StringTokenizer
import = base.TestUtilBase

modifier = public
className = TestUtil
baseClass = base.TestUtilBase
private int sts


pkgname = app
import = java.io.BufferedReader
import = java.io.FileInputStream
import = java.io.IOException
import = java.io.InputStreamReader
import = java.util.ArrayList
import = java.util.List
import = java.util.StringTokenizer
import = base.TestUtilBase

modifier = public
className = TestUtil
baseClass = base.TestUtilBase
private int sts


pkgname = app
import = java.io.BufferedReader
import = java.io.FileInputStream
import = java.io.IOException
import = java.io.InputStreamReader
import = java.util.ArrayList
import = java.util.List
import = java.util.StringTokenizer
import = base.TestUtilBase

modifier = public
className = TestUtil
baseClass = base.TestUtilBase
private int sts


pkgname = app
import = java.io.BufferedReader
import = java.io.FileInputStream
import = java.io.IOException
import = java.io.InputStreamReader
import = java.util.ArrayList
import = java.util.List
import = java.util.StringTokenizer
import = base.TestUtilBase

modifier = public
className = TestUtil
baseClass = base.TestUtilBase
private int sts


pkgname = app
import = java.io.BufferedReader
import = java.io.FileInputStream
import = java.io.IOException
import = java.io.InputStreamReader
import = java.util.ArrayList
import = java.util.List
import = java.util.StringTokenizer
import = base.TestUtilBase

modifier = public
className = TestUtil
baseClass = base.TestUtilBase
private int sts


modifier = public
className = TestUtil
baseClass = base.TestUtilBase
private int sts

static private String sample


modifier = public
className = TestUtil
baseClass = base.TestUtilBase
private int sts

static private String sample

static private String sample2


modifier = public
className = TestUtil
baseClass = base.TestUtilBase
private int sts

static private String sample

static private String sample2


modifier = public
className = TestUtil
baseClass = base.TestUtilBase
private int sts

static private String sample

static private String sample2


methodName = readCsv
modifier = static final static final public static 
returnType = void
String fpath, String encode, List <Object>rsltList, 
String fpath, String encode, List <Object>rsltList, FileInputStream fpath, 
modifier = public
className = TestUtil
baseClass = base.TestUtilBase
private int sts

static private String sample

static private String sample2


pkgname = app
import = java.io.BufferedReader
import = java.io.FileInputStream
import = java.io.IOException
import = java.io.InputStreamReader
import = java.util.ArrayList
import = java.util.List
import = java.util.StringTokenizer
import = base.TestUtilBase

modifier = public
className = TestUtil
baseClass = base.TestUtilBase
private int sts


modifier = public
className = TestUtil
baseClass = base.TestUtilBase
private int sts

static private String sample


modifier = public
className = TestUtil
baseClass = base.TestUtilBase
private int sts

static private String sample

static private String sample2


pkgname = app
import = java.io.BufferedReader
import = java.io.FileInputStream
import = java.io.IOException
import = java.io.InputStreamReader
import = java.util.ArrayList
import = java.util.List
import = java.util.StringTokenizer
import = base.TestUtilBase

modifier = public
className = TestUtil
baseClass = base.TestUtilBase
private int sts


modifier = public
className = TestUtil
baseClass = base.TestUtilBase
private int sts

static private String sample


modifier = public
className = TestUtil
baseClass = base.TestUtilBase
private int sts

static private String sample

static private String sample2


pkgname = app
import = java.io.BufferedReader
import = java.io.FileInputStream
import = java.io.IOException
import = java.io.InputStreamReader
import = java.util.ArrayList
import = java.util.List
import = java.util.StringTokenizer
import = base.TestUtilBase

modifier = public
className = TestUtil
baseClass = base.TestUtilBase
private int sts


modifier = public
className = TestUtil
baseClass = base.TestUtilBase
private int sts

static private String sample


modifier = public
className = TestUtil
baseClass = base.TestUtilBase
private int sts

static private String sample

static private String sample2


modifier = public
className = TestUtil
baseClass = base.TestUtilBase
private int sts

static private String sample

static private String sample2

static final int STS_AAAA
valueToken = type = 7
value = =



pkgname = app
import = java.io.BufferedReader
import = java.io.FileInputStream
import = java.io.IOException
import = java.io.InputStreamReader
import = java.util.ArrayList
import = java.util.List
import = java.util.StringTokenizer
import = base.TestUtilBase

modifier = public
className = TestUtil
baseClass = base.TestUtilBase
private int sts


modifier = public
className = TestUtil
baseClass = base.TestUtilBase
private int sts

static private String sample


modifier = public
className = TestUtil
baseClass = base.TestUtilBase
private int sts

static private String sample

static private String sample2


modifier = public
className = TestUtil
baseClass = base.TestUtilBase
private int sts

static private String sample

static private String sample2

static final int STS_AAAA
valueToken = type = 6
value = 1



modifier = public
className = TestUtil
baseClass = base.TestUtilBase
private int sts

static private String sample

static private String sample2

static final int STS_AAAA
valueToken = type = 6
value = 1


static final int STS_BBB
valueToken = type = 1
value = STS_AAAA



pkgname = app
import = java.io.BufferedReader
import = java.io.FileInputStream
import = java.io.IOException
import = java.io.InputStreamReader
import = java.util.ArrayList
import = java.util.List
import = java.util.StringTokenizer
import = base.TestUtilBase

modifier = public
className = TestUtil
baseClass = base.TestUtilBase
private int sts


modifier = public
className = TestUtil
baseClass = base.TestUtilBase
private int sts

static private String sample


modifier = public
className = TestUtil
baseClass = base.TestUtilBase
private int sts

static private String sample

static private String sample2


pkgname = app
import = java.io.BufferedReader
import = java.io.FileInputStream
import = java.io.IOException
import = java.io.InputStreamReader
import = java.util.ArrayList
import = java.util.List
import = java.util.StringTokenizer
import = base.TestUtilBase

modifier = public
className = TestUtil
baseClass = base.TestUtilBase
private int sts


modifier = public
className = TestUtil
baseClass = base.TestUtilBase
private int sts

static private String sample


modifier = public
className = TestUtil
baseClass = base.TestUtilBase
private int sts

static private String sample

static private String sample2


modifier = public
className = TestUtil
baseClass = base.TestUtilBase
private int sts

static private String sample

static private String sample2

static final int STS_AAAA
valueToken : type = 6
value = 1



pkgname = app
import = java.io.BufferedReader
import = java.io.FileInputStream
import = java.io.IOException
import = java.io.InputStreamReader
import = java.util.ArrayList
import = java.util.List
import = java.util.StringTokenizer
import = base.TestUtilBase

modifier = public
className = TestUtil
baseClass = base.TestUtilBase
private int sts


modifier = public
className = TestUtil
baseClass = base.TestUtilBase
private int sts

static private String sample


modifier = public
className = TestUtil
baseClass = base.TestUtilBase
private int sts

static private String sample

static private String sample2


modifier = public
className = TestUtil
baseClass = base.TestUtilBase
private int sts

static private String sample

static private String sample2

static final int STS_AAAA
valueToken : type = 6
value = 1



pkgname = app
import = java.io.BufferedReader
import = java.io.FileInputStream
import = java.io.IOException
import = java.io.InputStreamReader
import = java.util.ArrayList
import = java.util.List
import = java.util.StringTokenizer
import = base.TestUtilBase

modifier = public
className = TestUtil
baseClass = base.TestUtilBase
private int sts


modifier = public
className = TestUtil
baseClass = base.TestUtilBase
private int sts

static private String sample


modifier = public
className = TestUtil
baseClass = base.TestUtilBase
private int sts

static private String sample

static private String sample2


pkgname = app
import = java.io.BufferedReader
import = java.io.FileInputStream
import = java.io.IOException
import = java.io.InputStreamReader
import = java.util.ArrayList
import = java.util.List
import = java.util.StringTokenizer
import = base.TestUtilBase

modifier = public
className = TestUtil
baseClass = base.TestUtilBase
private int sts


modifier = public
className = TestUtil
baseClass = base.TestUtilBase
private int sts

static private String sample


modifier = public
className = TestUtil
baseClass = base.TestUtilBase
private int sts

static private String sample

static private String sample2


pkgname = app
import = java.io.BufferedReader
import = java.io.FileInputStream
import = java.io.IOException
import = java.io.InputStreamReader
import = java.util.ArrayList
import = java.util.List
import = java.util.StringTokenizer
import = base.TestUtilBase

modifier = public
className = TestUtil
baseClass = base.TestUtilBase
private int sts


modifier = public
className = TestUtil
baseClass = base.TestUtilBase
private int sts

static private String sample


modifier = public
className = TestUtil
baseClass = base.TestUtilBase
private int sts

static private String sample

static private String sample2


